<?xml version="1.0" encoding="UTF-8"?>
<TestRun id="ed203235-4686-42ad-b5de-7e48dc74df2b" name="jjepson@ECONET0638 2017-08-16 18:28:38" runUser="UNIVERA\jjepson" xmlns="http://microsoft.com/schemas/VisualStudio/TeamTest/2010">
  <TestSettings name="Local" id="67aa6120-b7cb-4834-b9e9-fdcf8b6bc7e9">
    <Description>These are default test settings for a local test run.</Description>
    <Deployment enabled="false" runDeploymentRoot="jjepson_ECONET0638 2017-08-16 18_28_38">
      <DeploymentItem filename="C:\Code\LinkedListExercise\LinkedListExercise\bin\Debug\LinkedListExercise.dll" />
    </Deployment>
    <Execution>
      <TestTypeSpecific />
      <AgentRule name="Execution Agents">
      </AgentRule>
    </Execution>
  </TestSettings>
  <Times creation="2017-08-16T18:28:38.5888403-07:00" queuing="2017-08-16T18:28:41.1697247-07:00" start="2017-08-16T18:28:41.3536556-07:00" finish="2017-08-16T18:29:06.8291143-07:00" />
  <ResultSummary outcome="Error">
    <Counters total="2" executed="2" passed="1" error="0" failed="0" timeout="0" aborted="1" inconclusive="0" passedButRunAborted="0" notRunnable="0" notExecuted="0" disconnected="0" warning="0" completed="0" inProgress="0" pending="0" />
    <RunInfos>
      <RunInfo computerName="ECONET0638" outcome="Error" timestamp="2017-08-16T18:29:06.8186065-07:00">
        <Text>Test host process exited unexpectedly.</Text>
      </RunInfo>
    </RunInfos>
  </ResultSummary>
  <TestDefinitions>
    <UnitTest name="TestNonIntersection" storage="c:\code\linkedlistexercise\linkedlistexcercisetest\bin\debug\linkedlistexcercisetest.dll" id="bc7cb6a9-4b5d-b07f-2c7a-4865df13def5">
      <Execution id="a914b5a5-6dfe-446e-8c76-ac7edc3bb3a6" />
      <TestMethod codeBase="C:/Code/LinkedListExercise/LinkedListExcerciseTest/bin/Debug/LinkedListExcerciseTest.DLL" adapterTypeName="Microsoft.VisualStudio.TestTools.TestTypes.Unit.UnitTestAdapter, Microsoft.VisualStudio.QualityTools.Tips.UnitTest.Adapter, Version=10.0.0.0, Culture=neutral, PublicKeyToken=b03f5f7f11d50a3a" className="LinkedListExcerciseTest.LinkedListTest, LinkedListExcerciseTest, Version=1.0.0.0, Culture=neutral, PublicKeyToken=null" name="TestNonIntersection" />
    </UnitTest>
    <UnitTest name="TestIntersection" storage="c:\code\linkedlistexercise\linkedlistexcercisetest\bin\debug\linkedlistexcercisetest.dll" id="8b7ce42e-1080-f346-a16b-c47d0afab538">
      <Execution id="e001cbbc-7ea0-433d-aff3-843eccaf1682" />
      <TestMethod codeBase="C:/Code/LinkedListExercise/LinkedListExcerciseTest/bin/Debug/LinkedListExcerciseTest.DLL" adapterTypeName="Microsoft.VisualStudio.TestTools.TestTypes.Unit.UnitTestAdapter, Microsoft.VisualStudio.QualityTools.Tips.UnitTest.Adapter, Version=10.0.0.0, Culture=neutral, PublicKeyToken=b03f5f7f11d50a3a" className="LinkedListExcerciseTest.LinkedListTest, LinkedListExcerciseTest, Version=1.0.0.0, Culture=neutral, PublicKeyToken=null" name="TestIntersection" />
    </UnitTest>
  </TestDefinitions>
  <TestLists>
    <TestList name="Results Not in a List" id="8c84fa94-04c1-424b-9868-57a2d4851a1d" />
    <TestList name="All Loaded Results" id="19431567-8539-422a-85d7-44ee4e166bda" />
  </TestLists>
  <TestEntries>
    <TestEntry testId="8b7ce42e-1080-f346-a16b-c47d0afab538" executionId="e001cbbc-7ea0-433d-aff3-843eccaf1682" testListId="8c84fa94-04c1-424b-9868-57a2d4851a1d" />
    <TestEntry testId="bc7cb6a9-4b5d-b07f-2c7a-4865df13def5" executionId="a914b5a5-6dfe-446e-8c76-ac7edc3bb3a6" testListId="8c84fa94-04c1-424b-9868-57a2d4851a1d" />
  </TestEntries>
  <Results>
    <UnitTestResult executionId="e001cbbc-7ea0-433d-aff3-843eccaf1682" testId="8b7ce42e-1080-f346-a16b-c47d0afab538" testName="TestIntersection" computerName="ECONET0638" duration="00:00:00.0088214" startTime="2017-08-16T18:28:41.3931834-07:00" endTime="2017-08-16T18:28:41.8574421-07:00" testType="13cdc9d9-ddb5-4fa4-a97d-d965ccfc6d4b" outcome="Passed" testListId="8c84fa94-04c1-424b-9868-57a2d4851a1d" relativeResultsDirectory="e001cbbc-7ea0-433d-aff3-843eccaf1682">
    </UnitTestResult>
    <UnitTestResult executionId="a914b5a5-6dfe-446e-8c76-ac7edc3bb3a6" testId="bc7cb6a9-4b5d-b07f-2c7a-4865df13def5" testName="TestNonIntersection" computerName="ECONET0638" duration="00:00:24.9546614" startTime="2017-08-16T18:28:41.8739522-07:00" endTime="2017-08-16T18:29:06.8286136-07:00" testType="13cdc9d9-ddb5-4fa4-a97d-d965ccfc6d4b" outcome="Aborted" testListId="8c84fa94-04c1-424b-9868-57a2d4851a1d" relativeResultsDirectory="a914b5a5-6dfe-446e-8c76-ac7edc3bb3a6">
    </UnitTestResult>
  </Results>
</TestRun>