<?xml version="1.0" encoding="UTF-8"?>
<TestRun id="17ef12e5-9e07-42f0-bddb-fcff604316b4" name="jjepson@ECONET0638 2017-08-16 19:03:47" runUser="UNIVERA\jjepson" xmlns="http://microsoft.com/schemas/VisualStudio/TeamTest/2010">
  <TestSettings name="Local" id="67aa6120-b7cb-4834-b9e9-fdcf8b6bc7e9">
    <Description>These are default test settings for a local test run.</Description>
    <Deployment enabled="false" runDeploymentRoot="jjepson_ECONET0638 2017-08-16 19_03_47">
      <DeploymentItem filename="C:\Code\LinkedListExercise\LinkedListExercise\bin\Debug\LinkedListExercise.dll" />
    </Deployment>
    <Execution>
      <TestTypeSpecific />
      <AgentRule name="Execution Agents">
      </AgentRule>
    </Execution>
  </TestSettings>
  <Times creation="2017-08-16T19:03:47.1991131-07:00" queuing="2017-08-16T19:03:47.8256995-07:00" start="2017-08-16T19:03:47.8981080-07:00" finish="2017-08-16T19:18:38.8105792-07:00" />
  <ResultSummary outcome="Error">
    <Counters total="1" executed="1" error="0" failed="0" timeout="0" aborted="1" inconclusive="0" passedButRunAborted="0" notRunnable="0" notExecuted="0" disconnected="0" warning="0" passed="0" completed="0" inProgress="0" pending="0" />
    <RunInfos>
      <RunInfo computerName="ECONET0638" outcome="Error" timestamp="2017-08-16T19:18:38.8095779-07:00">
        <Text>Test host process exited unexpectedly.</Text>
      </RunInfo>
    </RunInfos>
  </ResultSummary>
  <TestDefinitions>
    <UnitTest name="TestIntersection" storage="c:\code\linkedlistexercise\linkedlistexcercisetest\bin\debug\linkedlistexcercisetest.dll" id="8b7ce42e-1080-f346-a16b-c47d0afab538">
      <Execution id="eb04eb8c-2bcf-4dbc-a3d3-a992b562c712" />
      <TestMethod codeBase="C:/Code/LinkedListExercise/LinkedListExcerciseTest/bin/Debug/LinkedListExcerciseTest.DLL" adapterTypeName="Microsoft.VisualStudio.TestTools.TestTypes.Unit.UnitTestAdapter, Microsoft.VisualStudio.QualityTools.Tips.UnitTest.Adapter, Version=10.0.0.0, Culture=neutral, PublicKeyToken=b03f5f7f11d50a3a" className="LinkedListExcerciseTest.LinkedListTest, LinkedListExcerciseTest, Version=1.0.0.0, Culture=neutral, PublicKeyToken=null" name="TestIntersection" />
    </UnitTest>
  </TestDefinitions>
  <TestLists>
    <TestList name="Results Not in a List" id="8c84fa94-04c1-424b-9868-57a2d4851a1d" />
    <TestList name="All Loaded Results" id="19431567-8539-422a-85d7-44ee4e166bda" />
  </TestLists>
  <TestEntries>
    <TestEntry testId="8b7ce42e-1080-f346-a16b-c47d0afab538" executionId="eb04eb8c-2bcf-4dbc-a3d3-a992b562c712" testListId="8c84fa94-04c1-424b-9868-57a2d4851a1d" />
  </TestEntries>
  <Results>
    <UnitTestResult executionId="eb04eb8c-2bcf-4dbc-a3d3-a992b562c712" testId="8b7ce42e-1080-f346-a16b-c47d0afab538" testName="TestIntersection" computerName="ECONET0638" duration="00:14:50.8529672" startTime="2017-08-16T19:03:47.9576120-07:00" endTime="2017-08-16T19:18:38.8105792-07:00" testType="13cdc9d9-ddb5-4fa4-a97d-d965ccfc6d4b" outcome="Aborted" testListId="8c84fa94-04c1-424b-9868-57a2d4851a1d" relativeResultsDirectory="eb04eb8c-2bcf-4dbc-a3d3-a992b562c712">
    </UnitTestResult>
  </Results>
</TestRun>