<?xml version="1.0" encoding="UTF-8"?>
<TestRun id="8c30cc49-1d92-479b-b804-9e7b91a02ae6" name="jjepson@ECONET0638 2017-08-16 18:30:44" runUser="UNIVERA\jjepson" xmlns="http://microsoft.com/schemas/VisualStudio/TeamTest/2010">
  <TestSettings name="Local" id="67aa6120-b7cb-4834-b9e9-fdcf8b6bc7e9">
    <Description>These are default test settings for a local test run.</Description>
    <Deployment enabled="false" runDeploymentRoot="jjepson_ECONET0638 2017-08-16 18_30_44">
      <DeploymentItem filename="C:\Code\LinkedListExercise\LinkedListExercise\bin\Debug\LinkedListExercise.dll" />
    </Deployment>
    <Execution>
      <TestTypeSpecific />
      <AgentRule name="Execution Agents">
      </AgentRule>
    </Execution>
  </TestSettings>
  <Times creation="2017-08-16T18:30:44.1256950-07:00" queuing="2017-08-16T18:30:44.8410217-07:00" start="2017-08-16T18:30:44.9350878-07:00" finish="2017-08-16T18:33:20.5143437-07:00" />
  <ResultSummary outcome="Completed">
    <Counters total="1" executed="1" passed="1" error="0" failed="0" timeout="0" aborted="0" inconclusive="0" passedButRunAborted="0" notRunnable="0" notExecuted="0" disconnected="0" warning="0" completed="0" inProgress="0" pending="0" />
  </ResultSummary>
  <TestDefinitions>
    <UnitTest name="TestNonIntersection" storage="c:\code\linkedlistexercise\linkedlistexcercisetest\bin\debug\linkedlistexcercisetest.dll" id="bc7cb6a9-4b5d-b07f-2c7a-4865df13def5">
      <Execution id="08e4c3ea-4cd2-4e7e-883b-86099e49d20a" />
      <TestMethod codeBase="C:/Code/LinkedListExercise/LinkedListExcerciseTest/bin/Debug/LinkedListExcerciseTest.DLL" adapterTypeName="Microsoft.VisualStudio.TestTools.TestTypes.Unit.UnitTestAdapter, Microsoft.VisualStudio.QualityTools.Tips.UnitTest.Adapter, Version=10.0.0.0, Culture=neutral, PublicKeyToken=b03f5f7f11d50a3a" className="LinkedListExcerciseTest.LinkedListTest, LinkedListExcerciseTest, Version=1.0.0.0, Culture=neutral, PublicKeyToken=null" name="TestNonIntersection" />
    </UnitTest>
  </TestDefinitions>
  <TestLists>
    <TestList name="Results Not in a List" id="8c84fa94-04c1-424b-9868-57a2d4851a1d" />
    <TestList name="All Loaded Results" id="19431567-8539-422a-85d7-44ee4e166bda" />
  </TestLists>
  <TestEntries>
    <TestEntry testId="bc7cb6a9-4b5d-b07f-2c7a-4865df13def5" executionId="08e4c3ea-4cd2-4e7e-883b-86099e49d20a" testListId="8c84fa94-04c1-424b-9868-57a2d4851a1d" />
  </TestEntries>
  <Results>
    <UnitTestResult executionId="08e4c3ea-4cd2-4e7e-883b-86099e49d20a" testId="bc7cb6a9-4b5d-b07f-2c7a-4865df13def5" testName="TestNonIntersection" computerName="ECONET0638" duration="00:02:34.7628301" startTime="2017-08-16T18:30:45.0046373-07:00" endTime="2017-08-16T18:33:20.1261568-07:00" testType="13cdc9d9-ddb5-4fa4-a97d-d965ccfc6d4b" outcome="Passed" testListId="8c84fa94-04c1-424b-9868-57a2d4851a1d" relativeResultsDirectory="08e4c3ea-4cd2-4e7e-883b-86099e49d20a">
    </UnitTestResult>
  </Results>
</TestRun>